[1;33m[WARNING][0m No lockfile found. Defaulting to pnpm
[0;36m[INFO][0m Using package manager: pnpm
[0;36m[INFO][0m Executing: pnpm install
Progress: resolved 1, reused 0, downloaded 0, added 0
 WARN  deprecated @types/html2canvas@1.0.0: This is a stub types definition. html2canvas provides its own type definitions, so you do not need this installed.
Progress: resolved 13, reused 8, downloaded 0, added 0
Progress: resolved 23, reused 12, downloaded 4, added 0
Progress: resolved 31, reused 13, downloaded 10, added 0
Progress: resolved 35, reused 15, downloaded 11, added 0
Progress: resolved 37, reused 16, downloaded 17, added 0
Progress: resolved 59, reused 38, downloaded 18, added 0
Progress: resolved 69, reused 47, downloaded 18, added 0
Progress: resolved 84, reused 51, downloaded 20, added 0
Progress: resolved 106, reused 59, downloaded 33, added 0
Progress: resolved 127, reused 67, downloaded 42, added 0
Progress: resolved 156, reused 84, downloaded 48, added 0
Progress: resolved 166, reused 92, downloaded 50, added 0
Progress: resolved 174, reused 92, downloaded 51, added 0
Progress: resolved 178, reused 92, downloaded 55, added 0
Progress: resolved 182, reused 92, downloaded 58, added 0
Progress: resolved 187, reused 93, downloaded 63, added 0
 WARN  Tarball download average speed 32 KiB/s (size 70 KiB) is below 50 KiB/s: https://registry.npmjs.org/yoga-layout/-/yoga-layout-3.2.1.tgz (GET)
Progress: resolved 192, reused 97, downloaded 70, added 0
Progress: resolved 206, reused 100, downloaded 74, added 0
Progress: resolved 248, reused 109, downloaded 84, added 0
Progress: resolved 262, reused 123, downloaded 86, added 0
Progress: resolved 277, reused 125, downloaded 87, added 0
Progress: resolved 282, reused 126, downloaded 97, added 0
Progress: resolved 305, reused 143, downloaded 107, added 0
Progress: resolved 308, reused 144, downloaded 114, added 0
Progress: resolved 308, reused 144, downloaded 115, added 0
 WARN  Request took 10800ms: https://registry.npmjs.org/mime-types
Progress: resolved 309, reused 144, downloaded 115, added 0
Progress: resolved 321, reused 157, downloaded 115, added 0
Packages: +275
++++++++++++++++++++++++++++++++++++++++++++++++++++++++++++++++++++++++++++++++
Progress: resolved 323, reused 159, downloaded 115, added 79
Progress: resolved 323, reused 159, downloaded 115, added 273
Progress: resolved 323, reused 159, downloaded 116, added 273
Progress: resolved 323, reused 159, downloaded 116, added 274
Progress: resolved 323, reused 159, downloaded 117, added 274
Progress: resolved 323, reused 159, downloaded 117, added 275, done

dependencies:
+ @headlessui/react 2.2.9
+ @radix-ui/react-dialog 1.1.15
+ @radix-ui/react-label 2.1.7
+ @radix-ui/react-popover 1.1.15
+ @radix-ui/react-scroll-area 1.2.10
+ @radix-ui/react-select 2.2.6
+ @radix-ui/react-slot 1.2.3
+ @radix-ui/react-tabs 1.1.13
+ @react-pdf/renderer 4.3.1
+ @reduxjs/toolkit 2.9.1
+ @tanstack/react-query 5.90.5
+ @tanstack/react-query-devtools 5.90.2
+ axios 1.12.2
+ class-variance-authority 0.7.1
+ clsx 2.1.1
+ cmdk 1.1.1
+ dom-to-image-more 3.7.1
+ downshift 9.0.10
+ html2canvas 1.4.1
+ jspdf 2.5.2 (3.0.3 is available)
+ jspdf-autotable 5.0.2
+ lucide-react 0.522.0 (0.546.0 is available)
+ next 15.3.4 (15.5.5 is available)
+ qrcode 1.5.4
+ react 19.2.0
+ react-dom 19.2.0
+ react-qr-code 2.0.18
+ react-redux 9.2.0
+ sonner 2.0.7
+ tailwind-merge 3.3.1

devDependencies:
+ @tailwindcss/postcss 4.1.14
+ @types/html2canvas 1.0.0 deprecated
+ @types/node 20.19.22 (24.8.1 is available)
+ @types/qrcode 1.5.5
+ @types/react 19.2.2
+ @types/react-dom 19.2.2
+ tailwindcss 4.1.14
+ tw-animate-css 1.4.0
+ typescript 5.9.3

╭ Warning ─────────────────────────────────────────────────────────────────────╮
│                                                                              │
│   Ignored build scripts: @tailwindcss/oxide, core-js, sharp.                 │
│   Run "pnpm approve-builds" to pick which dependencies should be allowed     │
│   to run scripts.                                                            │
│                                                                              │
╰──────────────────────────────────────────────────────────────────────────────╯

Done in 44.7s using pnpm v10.18.2
[0;36m[INFO][0m Detected pnpm (pnpm-lock.yaml found)
[0;36m[INFO][0m Using package manager: pnpm
[0;36m[INFO][0m No arguments provided, running 'dev' script...
[0;36m[INFO][0m Running script: dev
[0;36m[INFO][0m Executing: pnpm run dev

> cavgofront@0.1.0 dev /Users/pro/projects/frontend/cavgo-passengers
> next dev --turbopack

 ⚠ Port 3000 is in use, using available port 3001 instead.
   ▲ Next.js 15.3.4 (Turbopack)
   - Local:        http://localhost:3001
   - Network:      http://192.168.0.4:3001

 ✓ Starting...
 ✓ Ready in 799ms
 ○ Compiling / ...
 ✓ Compiled / in 3.6s
 GET / 200 in 4122ms
 ✓ Compiled /favicon.ico in 291ms
 GET /favicon.ico?favicon.45db1c09.ico 200 in 535ms
 ✓ Compiled in 113ms
 ✓ Compiled in 69ms
 ✓ Compiled in 282ms
 ✓ Compiled in 58ms
 ✓ Compiled / in 27ms
 GET / 200 in 188ms
 ✓ Compiled in 55ms
 ✓ Compiled in 62ms
 ✓ Compiled in 69ms
 ✓ Compiled in 63ms
 ✓ Compiled / in 23ms
 GET / 200 in 127ms
 ✓ Compiled in 53ms
 ✓ Compiled in 81ms
 ✓ Compiled in 250ms
 ✓ Compiled in 384ms
 ⨯ ./components/booking-modal.tsx:514:7
Parsing ecmascript source code failed
[0m [90m 512 |[39m     [33m<[39m[33m>[39m[0m
[0m [90m 513 |[39m       {[90m/* Show AuthModal if user is not logged in */[39m}[0m
[0m[31m[1m>[22m[39m[90m 514 |[39m       {showAuthModal [33m&&[39m ([0m
[0m [90m     |[39m       [31m[1m^[22m[39m[0m
[0m [90m 515 |[39m         [33m<[39m[33mAuthModal[39m isOpen[33m=[39m{showAuthModal} onClose[33m=[39m{() [33m=>[39m setShowAuthModal([36mfalse[39m)} [33m/[39m[33m>[39m[0m
[0m [90m 516 |[39m       )}[0m
[0m [90m 517 |[39m       {[90m/* Show booking form for all users when modal is open */[39m}[0m

Expected ',', got '{'



./components/booking-modal.tsx
Code generation for chunk item errored
An error occurred while generating the chunk item [project]/components/booking-modal.tsx [app-ssr] (ecmascript)

Caused by:
- CJS module can't be async.

Debug info:
- An error occurred while generating the chunk item [project]/components/booking-modal.tsx [app-ssr] (ecmascript)
- Execution of EcmascriptChunkItemContent::new failed
- CJS module can't be async.


 ○ Compiling /_error ...
 ✓ Compiled /_error in 635ms
 GET / 500 in 886ms
 GET /favicon.ico 500 in 31ms
 ⨯ ./components/booking-modal.tsx:514:7
Parsing ecmascript source code failed
[0m [90m 512 |[39m     [33m<[39m[33m>[39m[0m
[0m [90m 513 |[39m       {[90m/* Show AuthModal if user is not logged in */[39m}[0m
[0m[31m[1m>[22m[39m[90m 514 |[39m       {showAuthModal [33m&&[39m ([0m
[0m [90m     |[39m       [31m[1m^[22m[39m[0m
[0m [90m 515 |[39m         [33m<[39m[33mAuthModal[39m isOpen[33m=[39m{showAuthModal} onClose[33m=[39m{() [33m=>[39m setShowAuthModal([36mfalse[39m)} [33m/[39m[33m>[39m[0m
[0m [90m 516 |[39m       )}[0m
[0m [90m 517 |[39m       {[90m/* Show booking form for all users when modal is open */[39m}[0m

Expected ',', got '{'



./components/booking-modal.tsx
Code generation for chunk item errored
An error occurred while generating the chunk item [project]/components/booking-modal.tsx [app-ssr] (ecmascript)

Caused by:
- CJS module can't be async.

Debug info:
- An error occurred while generating the chunk item [project]/components/booking-modal.tsx [app-ssr] (ecmascript)
- Execution of EcmascriptChunkItemContent::new failed
- CJS module can't be async.


 GET / 500 in 48ms
 ⨯ ./components/booking-modal.tsx:514:7
Parsing ecmascript source code failed
[0m [90m 512 |[39m     [33m<[39m[33m>[39m[0m
[0m [90m 513 |[39m       {[90m/* Show AuthModal if user is not logged in */[39m}[0m
[0m[31m[1m>[22m[39m[90m 514 |[39m       {showAuthModal [33m&&[39m ([0m
[0m [90m     |[39m       [31m[1m^[22m[39m[0m
[0m [90m 515 |[39m         [33m<[39m[33mAuthModal[39m isOpen[33m=[39m{showAuthModal} onClose[33m=[39m{() [33m=>[39m setShowAuthModal([36mfalse[39m)} [33m/[39m[33m>[39m[0m
[0m [90m 516 |[39m       )}[0m
[0m [90m 517 |[39m       {[90m/* Show booking form for all users when modal is open */[39m}[0m

Expected ',', got '{'



./components/booking-modal.tsx
Code generation for chunk item errored
An error occurred while generating the chunk item [project]/components/booking-modal.tsx [app-ssr] (ecmascript)

Caused by:
- CJS module can't be async.

Debug info:
- An error occurred while generating the chunk item [project]/components/booking-modal.tsx [app-ssr] (ecmascript)
- Execution of EcmascriptChunkItemContent::new failed
- CJS module can't be async.


 GET / 500 in 36ms
 ⨯ ./components/booking-modal.tsx:513:7
Parsing ecmascript source code failed
[0m [90m 511 |[39m     [33m<[39m[33m>[39m[0m
[0m [90m 512 |[39m       {[90m/* Show AuthModal if user is not logged in */[39m}[0m
[0m[31m[1m>[22m[39m[90m 513 |[39m       {showAuthModal [33m&&[39m ([0m
[0m [90m     |[39m       [31m[1m^[22m[39m[0m
[0m [90m 514 |[39m         [33m<[39m[33mAuthModal[39m isOpen[33m=[39m{showAuthModal} onClose[33m=[39m{() [33m=>[39m setShowAuthModal([36mfalse[39m)} [33m/[39m[33m>[39m[0m
[0m [90m 515 |[39m       )}[0m
[0m [90m 516 |[39m       {[90m/* Show booking form for all users when modal is open */[39m}[0m

Expected ',', got '{'



./components/booking-modal.tsx
Code generation for chunk item errored
An error occurred while generating the chunk item [project]/components/booking-modal.tsx [app-ssr] (ecmascript)

Caused by:
- CJS module can't be async.

Debug info:
- An error occurred while generating the chunk item [project]/components/booking-modal.tsx [app-ssr] (ecmascript)
- Execution of EcmascriptChunkItemContent::new failed
- CJS module can't be async.


 GET / 500 in 44ms
 ⨯ ./components/booking-modal.tsx:513:7
Parsing ecmascript source code failed
[0m [90m 511 |[39m     [33m<[39m[33m>[39m[0m
[0m [90m 512 |[39m       {[90m/* Show AuthModal if user is not logged in */[39m}[0m
[0m[31m[1m>[22m[39m[90m 513 |[39m       {showAuthModal [33m&&[39m ([0m
[0m [90m     |[39m       [31m[1m^[22m[39m[0m
[0m [90m 514 |[39m         [33m<[39m[33mAuthModal[39m isOpen[33m=[39m{showAuthModal} onClose[33m=[39m{() [33m=>[39m setShowAuthModal([36mfalse[39m)} [33m/[39m[33m>[39m[0m
[0m [90m 515 |[39m       )}[0m
[0m [90m 516 |[39m       {[90m/* Show booking form for all users when modal is open */[39m}[0m

Expected ',', got '{'



./components/booking-modal.tsx
Code generation for chunk item errored
An error occurred while generating the chunk item [project]/components/booking-modal.tsx [app-ssr] (ecmascript)

Caused by:
- CJS module can't be async.

Debug info:
- An error occurred while generating the chunk item [project]/components/booking-modal.tsx [app-ssr] (ecmascript)
- Execution of EcmascriptChunkItemContent::new failed
- CJS module can't be async.


 GET / 500 in 37ms
 ⨯ ./components/booking-modal.tsx:513:7
Parsing ecmascript source code failed
[0m [90m 511 |[39m     [33m<[39m[33m>[39m[0m
[0m [90m 512 |[39m       {[90m/* Show AuthModal if user is not logged in */[39m}[0m
[0m[31m[1m>[22m[39m[90m 513 |[39m       {showAuthModal [33m&&[39m ([0m
[0m [90m     |[39m       [31m[1m^[22m[39m[0m
[0m [90m 514 |[39m         [33m<[39m[33mAuthModal[39m isOpen[33m=[39m{showAuthModal} onClose[33m=[39m{() [33m=>[39m setShowAuthModal([36mfalse[39m)} [33m/[39m[33m>[39m[0m
[0m [90m 515 |[39m       )}[0m
[0m [90m 516 |[39m       {[90m/* Show booking form for all users when modal is open */[39m}[0m

Expected ',', got '{'



./components/booking-modal.tsx
Code generation for chunk item errored
An error occurred while generating the chunk item [project]/components/booking-modal.tsx [app-ssr] (ecmascript)

Caused by:
- CJS module can't be async.

Debug info:
- An error occurred while generating the chunk item [project]/components/booking-modal.tsx [app-ssr] (ecmascript)
- Execution of EcmascriptChunkItemContent::new failed
- CJS module can't be async.


 GET / 500 in 35ms
[0;36m[INFO][0m Detected pnpm (pnpm-lock.yaml found)
[0;36m[INFO][0m Using package manager: pnpm
[0;36m[INFO][0m No arguments provided, running 'dev' script...
[0;36m[INFO][0m Running script: dev
[0;36m[INFO][0m Executing: pnpm run dev

> cavgofront@0.1.0 dev /Users/pro/projects/frontend/cavgo-passengers
> next dev --turbopack

 ⚠ Port 3000 is in use, using available port 3001 instead.
   ▲ Next.js 15.3.4 (Turbopack)
   - Local:        http://localhost:3001
   - Network:      http://192.168.0.4:3001

 ✓ Starting...
 ✓ Ready in 755ms
 ○ Compiling / ...
 ✓ Compiled / in 3s
 ⨯ ./components/booking-modal.tsx:513:7
Parsing ecmascript source code failed
[0m [90m 511 |[39m     [33m<[39m[33m>[39m[0m
[0m [90m 512 |[39m       {[90m/* Show AuthModal if user is not logged in */[39m}[0m
[0m[31m[1m>[22m[39m[90m 513 |[39m       {showAuthModal [33m&&[39m ([0m
[0m [90m     |[39m       [31m[1m^[22m[39m[0m
[0m [90m 514 |[39m         [33m<[39m[33mAuthModal[39m isOpen[33m=[39m{showAuthModal} onClose[33m=[39m{() [33m=>[39m setShowAuthModal([36mfalse[39m)} [33m/[39m[33m>[39m[0m
[0m [90m 515 |[39m       )}[0m
[0m [90m 516 |[39m       {[90m/* Show booking form for all users when modal is open */[39m}[0m

Expected ',', got '{'



./components/route-card.tsx:17:1
Export default doesn't exist in target module
[0m [90m 15 |[39m   getEstimatedArrivalTime[33m,[39m[0m
[0m [90m 16 |[39m } [36mfrom[39m [32m"@/lib/booking-utils"[39m[0m
[0m[31m[1m>[22m[39m[90m 17 |[39m [36mimport[39m [33mBookingModal[39m [36mfrom[39m [32m"./booking-modal"[39m[0m
[0m [90m    |[39m [31m[1m^[22m[39m[31m[1m^[22m[39m[31m[1m^[22m[39m[31m[1m^[22m[39m[31m[1m^[22m[39m[31m[1m^[22m[39m[31m[1m^[22m[39m[31m[1m^[22m[39m[31m[1m^[22m[39m[31m[1m^[22m[39m[31m[1m^[22m[39m[31m[1m^[22m[39m[31m[1m^[22m[39m[31m[1m^[22m[39m[31m[1m^[22m[39m[31m[1m^[22m[39m[31m[1m^[22m[39m[31m[1m^[22m[39m[31m[1m^[22m[39m[31m[1m^[22m[39m[31m[1m^[22m[39m[31m[1m^[22m[39m[31m[1m^[22m[39m[31m[1m^[22m[39m[31m[1m^[22m[39m[31m[1m^[22m[39m[31m[1m^[22m[39m[31m[1m^[22m[39m[31m[1m^[22m[39m[31m[1m^[22m[39m[31m[1m^[22m[39m[31m[1m^[22m[39m[31m[1m^[22m[39m[31m[1m^[22m[39m[31m[1m^[22m[39m[31m[1m^[22m[39m[31m[1m^[22m[39m[31m[1m^[22m[39m[31m[1m^[22m[39m[31m[1m^[22m[39m[31m[1m^[22m[39m[31m[1m^[22m[39m[0m
[0m [90m 18 |[39m [36mimport[39m { useLanguage } [36mfrom[39m [32m"@/lib/language-context"[39m[0m
[0m [90m 19 |[39m [36mimport[39m { [33mTripUpdateIndicator[39m } [36mfrom[39m [32m"./trip-update-indicator"[39m[0m
[0m [90m 20 |[39m[0m

The export default was not found in module [project]/components/booking-modal.tsx [app-client] (ecmascript).
The module has no exports at all.
All exports of the module are statically known (It doesn't have dynamic exports). So it's known statically that the requested export doesn't exist.



./components/route-card.tsx:17:1
Export default doesn't exist in target module
[0m [90m 15 |[39m   getEstimatedArrivalTime[33m,[39m[0m
[0m [90m 16 |[39m } [36mfrom[39m [32m"@/lib/booking-utils"[39m[0m
[0m[31m[1m>[22m[39m[90m 17 |[39m [36mimport[39m [33mBookingModal[39m [36mfrom[39m [32m"./booking-modal"[39m[0m
[0m [90m    |[39m [31m[1m^[22m[39m[31m[1m^[22m[39m[31m[1m^[22m[39m[31m[1m^[22m[39m[31m[1m^[22m[39m[31m[1m^[22m[39m[31m[1m^[22m[39m[31m[1m^[22m[39m[31m[1m^[22m[39m[31m[1m^[22m[39m[31m[1m^[22m[39m[31m[1m^[22m[39m[31m[1m^[22m[39m[31m[1m^[22m[39m[31m[1m^[22m[39m[31m[1m^[22m[39m[31m[1m^[22m[39m[31m[1m^[22m[39m[31m[1m^[22m[39m[31m[1m^[22m[39m[31m[1m^[22m[39m[31m[1m^[22m[39m[31m[1m^[22m[39m[31m[1m^[22m[39m[31m[1m^[22m[39m[31m[1m^[22m[39m[31m[1m^[22m[39m[31m[1m^[22m[39m[31m[1m^[22m[39m[31m[1m^[22m[39m[31m[1m^[22m[39m[31m[1m^[22m[39m[31m[1m^[22m[39m[31m[1m^[22m[39m[31m[1m^[22m[39m[31m[1m^[22m[39m[31m[1m^[22m[39m[31m[1m^[22m[39m[31m[1m^[22m[39m[31m[1m^[22m[39m[31m[1m^[22m[39m[31m[1m^[22m[39m[0m
[0m [90m 18 |[39m [36mimport[39m { useLanguage } [36mfrom[39m [32m"@/lib/language-context"[39m[0m
[0m [90m 19 |[39m [36mimport[39m { [33mTripUpdateIndicator[39m } [36mfrom[39m [32m"./trip-update-indicator"[39m[0m
[0m [90m 20 |[39m[0m

The export default was not found in module [project]/components/booking-modal.tsx [app-ssr] (ecmascript).
The module has no exports at all.
All exports of the module are statically known (It doesn't have dynamic exports). So it's known statically that the requested export doesn't exist.


 ⨯ ./components/booking-modal.tsx:513:7
Parsing ecmascript source code failed
[0m [90m 511 |[39m     [33m<[39m[33m>[39m[0m
[0m [90m 512 |[39m       {[90m/* Show AuthModal if user is not logged in */[39m}[0m
[0m[31m[1m>[22m[39m[90m 513 |[39m       {showAuthModal [33m&&[39m ([0m
[0m [90m     |[39m       [31m[1m^[22m[39m[0m
[0m [90m 514 |[39m         [33m<[39m[33mAuthModal[39m isOpen[33m=[39m{showAuthModal} onClose[33m=[39m{() [33m=>[39m setShowAuthModal([36mfalse[39m)} [33m/[39m[33m>[39m[0m
[0m [90m 515 |[39m       )}[0m
[0m [90m 516 |[39m       {[90m/* Show booking form for all users when modal is open */[39m}[0m

Expected ',', got '{'



./components/route-card.tsx:17:1
Export default doesn't exist in target module
[0m [90m 15 |[39m   getEstimatedArrivalTime[33m,[39m[0m
[0m [90m 16 |[39m } [36mfrom[39m [32m"@/lib/booking-utils"[39m[0m
[0m[31m[1m>[22m[39m[90m 17 |[39m [36mimport[39m [33mBookingModal[39m [36mfrom[39m [32m"./booking-modal"[39m[0m
[0m [90m    |[39m [31m[1m^[22m[39m[31m[1m^[22m[39m[31m[1m^[22m[39m[31m[1m^[22m[39m[31m[1m^[22m[39m[31m[1m^[22m[39m[31m[1m^[22m[39m[31m[1m^[22m[39m[31m[1m^[22m[39m[31m[1m^[22m[39m[31m[1m^[22m[39m[31m[1m^[22m[39m[31m[1m^[22m[39m[31m[1m^[22m[39m[31m[1m^[22m[39m[31m[1m^[22m[39m[31m[1m^[22m[39m[31m[1m^[22m[39m[31m[1m^[22m[39m[31m[1m^[22m[39m[31m[1m^[22m[39m[31m[1m^[22m[39m[31m[1m^[22m[39m[31m[1m^[22m[39m[31m[1m^[22m[39m[31m[1m^[22m[39m[31m[1m^[22m[39m[31m[1m^[22m[39m[31m[1m^[22m[39m[31m[1m^[22m[39m[31m[1m^[22m[39m[31m[1m^[22m[39m[31m[1m^[22m[39m[31m[1m^[22m[39m[31m[1m^[22m[39m[31m[1m^[22m[39m[31m[1m^[22m[39m[31m[1m^[22m[39m[31m[1m^[22m[39m[31m[1m^[22m[39m[31m[1m^[22m[39m[31m[1m^[22m[39m[0m
[0m [90m 18 |[39m [36mimport[39m { useLanguage } [36mfrom[39m [32m"@/lib/language-context"[39m[0m
[0m [90m 19 |[39m [36mimport[39m { [33mTripUpdateIndicator[39m } [36mfrom[39m [32m"./trip-update-indicator"[39m[0m
[0m [90m 20 |[39m[0m

The export default was not found in module [project]/components/booking-modal.tsx [app-client] (ecmascript).
The module has no exports at all.
All exports of the module are statically known (It doesn't have dynamic exports). So it's known statically that the requested export doesn't exist.



./components/route-card.tsx:17:1
Export default doesn't exist in target module
[0m [90m 15 |[39m   getEstimatedArrivalTime[33m,[39m[0m
[0m [90m 16 |[39m } [36mfrom[39m [32m"@/lib/booking-utils"[39m[0m
[0m[31m[1m>[22m[39m[90m 17 |[39m [36mimport[39m [33mBookingModal[39m [36mfrom[39m [32m"./booking-modal"[39m[0m
[0m [90m    |[39m [31m[1m^[22m[39m[31m[1m^[22m[39m[31m[1m^[22m[39m[31m[1m^[22m[39m[31m[1m^[22m[39m[31m[1m^[22m[39m[31m[1m^[22m[39m[31m[1m^[22m[39m[31m[1m^[22m[39m[31m[1m^[22m[39m[31m[1m^[22m[39m[31m[1m^[22m[39m[31m[1m^[22m[39m[31m[1m^[22m[39m[31m[1m^[22m[39m[31m[1m^[22m[39m[31m[1m^[22m[39m[31m[1m^[22m[39m[31m[1m^[22m[39m[31m[1m^[22m[39m[31m[1m^[22m[39m[31m[1m^[22m[39m[31m[1m^[22m[39m[31m[1m^[22m[39m[31m[1m^[22m[39m[31m[1m^[22m[39m[31m[1m^[22m[39m[31m[1m^[22m[39m[31m[1m^[22m[39m[31m[1m^[22m[39m[31m[1m^[22m[39m[31m[1m^[22m[39m[31m[1m^[22m[39m[31m[1m^[22m[39m[31m[1m^[22m[39m[31m[1m^[22m[39m[31m[1m^[22m[39m[31m[1m^[22m[39m[31m[1m^[22m[39m[31m[1m^[22m[39m[31m[1m^[22m[39m[31m[1m^[22m[39m[0m
[0m [90m 18 |[39m [36mimport[39m { useLanguage } [36mfrom[39m [32m"@/lib/language-context"[39m[0m
[0m [90m 19 |[39m [36mimport[39m { [33mTripUpdateIndicator[39m } [36mfrom[39m [32m"./trip-update-indicator"[39m[0m
[0m [90m 20 |[39m[0m

The export default was not found in module [project]/components/booking-modal.tsx [app-ssr] (ecmascript).
The module has no exports at all.
All exports of the module are statically known (It doesn't have dynamic exports). So it's known statically that the requested export doesn't exist.


 ○ Compiling /_error ...
 ✓ Compiled /_error in 539ms
 GET / 500 in 1288ms
 ⨯ ./components/booking-modal.tsx:513:7
Parsing ecmascript source code failed
[0m [90m 511 |[39m     [33m<[39m[33m>[39m[0m
[0m [90m 512 |[39m       {[90m/* Show AuthModal if user is not logged in */[39m}[0m
[0m[31m[1m>[22m[39m[90m 513 |[39m       {showAuthModal [33m&&[39m ([0m
[0m [90m     |[39m       [31m[1m^[22m[39m[0m
[0m [90m 514 |[39m         [33m<[39m[33mAuthModal[39m isOpen[33m=[39m{showAuthModal} onClose[33m=[39m{() [33m=>[39m setShowAuthModal([36mfalse[39m)} [33m/[39m[33m>[39m[0m
[0m [90m 515 |[39m       )}[0m
[0m [90m 516 |[39m       {[90m/* Show booking form for all users when modal is open */[39m}[0m

Expected ',', got '{'



./components/route-card.tsx:17:1
Export default doesn't exist in target module
[0m [90m 15 |[39m   getEstimatedArrivalTime[33m,[39m[0m
[0m [90m 16 |[39m } [36mfrom[39m [32m"@/lib/booking-utils"[39m[0m
[0m[31m[1m>[22m[39m[90m 17 |[39m [36mimport[39m [33mBookingModal[39m [36mfrom[39m [32m"./booking-modal"[39m[0m
[0m [90m    |[39m [31m[1m^[22m[39m[31m[1m^[22m[39m[31m[1m^[22m[39m[31m[1m^[22m[39m[31m[1m^[22m[39m[31m[1m^[22m[39m[31m[1m^[22m[39m[31m[1m^[22m[39m[31m[1m^[22m[39m[31m[1m^[22m[39m[31m[1m^[22m[39m[31m[1m^[22m[39m[31m[1m^[22m[39m[31m[1m^[22m[39m[31m[1m^[22m[39m[31m[1m^[22m[39m[31m[1m^[22m[39m[31m[1m^[22m[39m[31m[1m^[22m[39m[31m[1m^[22m[39m[31m[1m^[22m[39m[31m[1m^[22m[39m[31m[1m^[22m[39m[31m[1m^[22m[39m[31m[1m^[22m[39m[31m[1m^[22m[39m[31m[1m^[22m[39m[31m[1m^[22m[39m[31m[1m^[22m[39m[31m[1m^[22m[39m[31m[1m^[22m[39m[31m[1m^[22m[39m[31m[1m^[22m[39m[31m[1m^[22m[39m[31m[1m^[22m[39m[31m[1m^[22m[39m[31m[1m^[22m[39m[31m[1m^[22m[39m[31m[1m^[22m[39m[31m[1m^[22m[39m[31m[1m^[22m[39m[31m[1m^[22m[39m[0m
[0m [90m 18 |[39m [36mimport[39m { useLanguage } [36mfrom[39m [32m"@/lib/language-context"[39m[0m
[0m [90m 19 |[39m [36mimport[39m { [33mTripUpdateIndicator[39m } [36mfrom[39m [32m"./trip-update-indicator"[39m[0m
[0m [90m 20 |[39m[0m

The export default was not found in module [project]/components/booking-modal.tsx [app-client] (ecmascript).
The module has no exports at all.
All exports of the module are statically known (It doesn't have dynamic exports). So it's known statically that the requested export doesn't exist.



./components/route-card.tsx:17:1
Export default doesn't exist in target module
[0m [90m 15 |[39m   getEstimatedArrivalTime[33m,[39m[0m
[0m [90m 16 |[39m } [36mfrom[39m [32m"@/lib/booking-utils"[39m[0m
[0m[31m[1m>[22m[39m[90m 17 |[39m [36mimport[39m [33mBookingModal[39m [36mfrom[39m [32m"./booking-modal"[39m[0m
[0m [90m    |[39m [31m[1m^[22m[39m[31m[1m^[22m[39m[31m[1m^[22m[39m[31m[1m^[22m[39m[31m[1m^[22m[39m[31m[1m^[22m[39m[31m[1m^[22m[39m[31m[1m^[22m[39m[31m[1m^[22m[39m[31m[1m^[22m[39m[31m[1m^[22m[39m[31m[1m^[22m[39m[31m[1m^[22m[39m[31m[1m^[22m[39m[31m[1m^[22m[39m[31m[1m^[22m[39m[31m[1m^[22m[39m[31m[1m^[22m[39m[31m[1m^[22m[39m[31m[1m^[22m[39m[31m[1m^[22m[39m[31m[1m^[22m[39m[31m[1m^[22m[39m[31m[1m^[22m[39m[31m[1m^[22m[39m[31m[1m^[22m[39m[31m[1m^[22m[39m[31m[1m^[22m[39m[31m[1m^[22m[39m[31m[1m^[22m[39m[31m[1m^[22m[39m[31m[1m^[22m[39m[31m[1m^[22m[39m[31m[1m^[22m[39m[31m[1m^[22m[39m[31m[1m^[22m[39m[31m[1m^[22m[39m[31m[1m^[22m[39m[31m[1m^[22m[39m[31m[1m^[22m[39m[31m[1m^[22m[39m[31m[1m^[22m[39m[0m
[0m [90m 18 |[39m [36mimport[39m { useLanguage } [36mfrom[39m [32m"@/lib/language-context"[39m[0m
[0m [90m 19 |[39m [36mimport[39m { [33mTripUpdateIndicator[39m } [36mfrom[39m [32m"./trip-update-indicator"[39m[0m
[0m [90m 20 |[39m[0m

The export default was not found in module [project]/components/booking-modal.tsx [app-ssr] (ecmascript).
The module has no exports at all.
All exports of the module are statically known (It doesn't have dynamic exports). So it's known statically that the requested export doesn't exist.


 GET / 500 in 58ms
[0;36m[INFO][0m Detected pnpm (pnpm-lock.yaml found)
[0;36m[INFO][0m Using package manager: pnpm
[0;36m[INFO][0m No arguments provided, running 'dev' script...
[0;36m[INFO][0m Running script: dev
[0;36m[INFO][0m Executing: pnpm run dev

> cavgofront@0.1.0 dev /Users/pro/projects/frontend/cavgo-passengers
> next dev --turbopack

   ▲ Next.js 15.3.4 (Turbopack)
   - Local:        http://localhost:3000
   - Network:      http://192.168.0.4:3000

 ✓ Starting...
 ✓ Ready in 763ms
 ○ Compiling / ...
 ✓ Compiled / in 3s
 ⨯ ./components/booking-modal.tsx:509:7
Parsing ecmascript source code failed
[0m [90m 507 |[39m     [33m<[39m[33m>[39m[0m
[0m [90m 508 |[39m       {[90m/* Show booking form for all users when modal is open */[39m}[0m
[0m[31m[1m>[22m[39m[90m 509 |[39m       {isOpen [33m&&[39m ([0m
[0m [90m     |[39m       [31m[1m^[22m[39m[0m
[0m [90m 510 |[39m         [33m<[39m[33mDialog[39m open[33m=[39m{isOpen} onOpenChange[33m=[39m{handleClose}[33m>[39m[0m
[0m [90m 511 |[39m           [33m<[39m[33mDialogContent[39m className[33m=[39m[32m"w-full max-w-md sm:max-w-lg px-4 py-4 rounded-lg max-h-[90vh] overflow-y-auto"[39m[33m>[39m[0m
[0m [90m 512 |[39m             [33m<[39m[33mDialogHeader[39m[33m>[39m[0m

Expected ',', got '{'



./components/route-card.tsx:17:1
Export default doesn't exist in target module
[0m [90m 15 |[39m   getEstimatedArrivalTime[33m,[39m[0m
[0m [90m 16 |[39m } [36mfrom[39m [32m"@/lib/booking-utils"[39m[0m
[0m[31m[1m>[22m[39m[90m 17 |[39m [36mimport[39m [33mBookingModal[39m [36mfrom[39m [32m"./booking-modal"[39m[0m
[0m [90m    |[39m [31m[1m^[22m[39m[31m[1m^[22m[39m[31m[1m^[22m[39m[31m[1m^[22m[39m[31m[1m^[22m[39m[31m[1m^[22m[39m[31m[1m^[22m[39m[31m[1m^[22m[39m[31m[1m^[22m[39m[31m[1m^[22m[39m[31m[1m^[22m[39m[31m[1m^[22m[39m[31m[1m^[22m[39m[31m[1m^[22m[39m[31m[1m^[22m[39m[31m[1m^[22m[39m[31m[1m^[22m[39m[31m[1m^[22m[39m[31m[1m^[22m[39m[31m[1m^[22m[39m[31m[1m^[22m[39m[31m[1m^[22m[39m[31m[1m^[22m[39m[31m[1m^[22m[39m[31m[1m^[22m[39m[31m[1m^[22m[39m[31m[1m^[22m[39m[31m[1m^[22m[39m[31m[1m^[22m[39m[31m[1m^[22m[39m[31m[1m^[22m[39m[31m[1m^[22m[39m[31m[1m^[22m[39m[31m[1m^[22m[39m[31m[1m^[22m[39m[31m[1m^[22m[39m[31m[1m^[22m[39m[31m[1m^[22m[39m[31m[1m^[22m[39m[31m[1m^[22m[39m[31m[1m^[22m[39m[31m[1m^[22m[39m[0m
[0m [90m 18 |[39m [36mimport[39m { useLanguage } [36mfrom[39m [32m"@/lib/language-context"[39m[0m
[0m [90m 19 |[39m [36mimport[39m { [33mTripUpdateIndicator[39m } [36mfrom[39m [32m"./trip-update-indicator"[39m[0m
[0m [90m 20 |[39m[0m

The export default was not found in module [project]/components/booking-modal.tsx [app-client] (ecmascript).
The module has no exports at all.
All exports of the module are statically known (It doesn't have dynamic exports). So it's known statically that the requested export doesn't exist.



./components/route-card.tsx:17:1
Export default doesn't exist in target module
[0m [90m 15 |[39m   getEstimatedArrivalTime[33m,[39m[0m
[0m [90m 16 |[39m } [36mfrom[39m [32m"@/lib/booking-utils"[39m[0m
[0m[31m[1m>[22m[39m[90m 17 |[39m [36mimport[39m [33mBookingModal[39m [36mfrom[39m [32m"./booking-modal"[39m[0m
[0m [90m    |[39m [31m[1m^[22m[39m[31m[1m^[22m[39m[31m[1m^[22m[39m[31m[1m^[22m[39m[31m[1m^[22m[39m[31m[1m^[22m[39m[31m[1m^[22m[39m[31m[1m^[22m[39m[31m[1m^[22m[39m[31m[1m^[22m[39m[31m[1m^[22m[39m[31m[1m^[22m[39m[31m[1m^[22m[39m[31m[1m^[22m[39m[31m[1m^[22m[39m[31m[1m^[22m[39m[31m[1m^[22m[39m[31m[1m^[22m[39m[31m[1m^[22m[39m[31m[1m^[22m[39m[31m[1m^[22m[39m[31m[1m^[22m[39m[31m[1m^[22m[39m[31m[1m^[22m[39m[31m[1m^[22m[39m[31m[1m^[22m[39m[31m[1m^[22m[39m[31m[1m^[22m[39m[31m[1m^[22m[39m[31m[1m^[22m[39m[31m[1m^[22m[39m[31m[1m^[22m[39m[31m[1m^[22m[39m[31m[1m^[22m[39m[31m[1m^[22m[39m[31m[1m^[22m[39m[31m[1m^[22m[39m[31m[1m^[22m[39m[31m[1m^[22m[39m[31m[1m^[22m[39m[31m[1m^[22m[39m[31m[1m^[22m[39m[0m
[0m [90m 18 |[39m [36mimport[39m { useLanguage } [36mfrom[39m [32m"@/lib/language-context"[39m[0m
[0m [90m 19 |[39m [36mimport[39m { [33mTripUpdateIndicator[39m } [36mfrom[39m [32m"./trip-update-indicator"[39m[0m
[0m [90m 20 |[39m[0m

The export default was not found in module [project]/components/booking-modal.tsx [app-ssr] (ecmascript).
The module has no exports at all.
All exports of the module are statically known (It doesn't have dynamic exports). So it's known statically that the requested export doesn't exist.


 ○ Compiling /_error ...
 ✓ Compiled /_error in 563ms
 GET / 500 in 3643ms
[0;36m[INFO][0m Detected pnpm (pnpm-lock.yaml found)
[0;36m[INFO][0m Using package manager: pnpm
[0;36m[INFO][0m No arguments provided, running 'dev' script...
[0;36m[INFO][0m Running script: dev
[0;36m[INFO][0m Executing: pnpm run dev

> cavgofront@0.1.0 dev /Users/pro/projects/frontend/cavgo-passengers
> next dev --turbopack

   ▲ Next.js 15.3.4 (Turbopack)
   - Local:        http://localhost:3000
   - Network:      http://192.168.0.4:3000

 ✓ Starting...
 ✓ Ready in 768ms
 ○ Compiling / ...
 ✓ Compiled / in 3.7s
 ⨯ ./components/booking-modal.tsx:507:6
Parsing ecmascript source code failed
[0m [90m 505 |[39m[0m
[0m [90m 506 |[39m   [36mreturn[39m ([0m
[0m[31m[1m>[22m[39m[90m 507 |[39m     [33m<[39m[33mdiv[39m[33m>[39m[0m
[0m [90m     |[39m      [31m[1m^[22m[39m[31m[1m^[22m[39m[31m[1m^[22m[39m[0m
[0m [90m 508 |[39m       {[90m/* Show booking form for all users when modal is open */[39m}[0m
[0m [90m 509 |[39m       {isOpen [33m&&[39m ([0m
[0m [90m 510 |[39m         [33m<[39m[33mDialog[39m open[33m=[39m{isOpen} onOpenChange[33m=[39m{handleClose}[33m>[39m[0m

Unexpected token `div`. Expected jsx identifier



./components/route-card.tsx:17:1
Export default doesn't exist in target module
[0m [90m 15 |[39m   getEstimatedArrivalTime[33m,[39m[0m
[0m [90m 16 |[39m } [36mfrom[39m [32m"@/lib/booking-utils"[39m[0m
[0m[31m[1m>[22m[39m[90m 17 |[39m [36mimport[39m [33mBookingModal[39m [36mfrom[39m [32m"./booking-modal"[39m[0m
[0m [90m    |[39m [31m[1m^[22m[39m[31m[1m^[22m[39m[31m[1m^[22m[39m[31m[1m^[22m[39m[31m[1m^[22m[39m[31m[1m^[22m[39m[31m[1m^[22m[39m[31m[1m^[22m[39m[31m[1m^[22m[39m[31m[1m^[22m[39m[31m[1m^[22m[39m[31m[1m^[22m[39m[31m[1m^[22m[39m[31m[1m^[22m[39m[31m[1m^[22m[39m[31m[1m^[22m[39m[31m[1m^[22m[39m[31m[1m^[22m[39m[31m[1m^[22m[39m[31m[1m^[22m[39m[31m[1m^[22m[39m[31m[1m^[22m[39m[31m[1m^[22m[39m[31m[1m^[22m[39m[31m[1m^[22m[39m[31m[1m^[22m[39m[31m[1m^[22m[39m[31m[1m^[22m[39m[31m[1m^[22m[39m[31m[1m^[22m[39m[31m[1m^[22m[39m[31m[1m^[22m[39m[31m[1m^[22m[39m[31m[1m^[22m[39m[31m[1m^[22m[39m[31m[1m^[22m[39m[31m[1m^[22m[39m[31m[1m^[22m[39m[31m[1m^[22m[39m[31m[1m^[22m[39m[31m[1m^[22m[39m[31m[1m^[22m[39m[0m
[0m [90m 18 |[39m [36mimport[39m { useLanguage } [36mfrom[39m [32m"@/lib/language-context"[39m[0m
[0m [90m 19 |[39m [36mimport[39m { [33mTripUpdateIndicator[39m } [36mfrom[39m [32m"./trip-update-indicator"[39m[0m
[0m [90m 20 |[39m[0m

The export default was not found in module [project]/components/booking-modal.tsx [app-client] (ecmascript).
The module has no exports at all.
All exports of the module are statically known (It doesn't have dynamic exports). So it's known statically that the requested export doesn't exist.



./components/route-card.tsx:17:1
Export default doesn't exist in target module
[0m [90m 15 |[39m   getEstimatedArrivalTime[33m,[39m[0m
[0m [90m 16 |[39m } [36mfrom[39m [32m"@/lib/booking-utils"[39m[0m
[0m[31m[1m>[22m[39m[90m 17 |[39m [36mimport[39m [33mBookingModal[39m [36mfrom[39m [32m"./booking-modal"[39m[0m
[0m [90m    |[39m [31m[1m^[22m[39m[31m[1m^[22m[39m[31m[1m^[22m[39m[31m[1m^[22m[39m[31m[1m^[22m[39m[31m[1m^[22m[39m[31m[1m^[22m[39m[31m[1m^[22m[39m[31m[1m^[22m[39m[31m[1m^[22m[39m[31m[1m^[22m[39m[31m[1m^[22m[39m[31m[1m^[22m[39m[31m[1m^[22m[39m[31m[1m^[22m[39m[31m[1m^[22m[39m[31m[1m^[22m[39m[31m[1m^[22m[39m[31m[1m^[22m[39m[31m[1m^[22m[39m[31m[1m^[22m[39m[31m[1m^[22m[39m[31m[1m^[22m[39m[31m[1m^[22m[39m[31m[1m^[22m[39m[31m[1m^[22m[39m[31m[1m^[22m[39m[31m[1m^[22m[39m[31m[1m^[22m[39m[31m[1m^[22m[39m[31m[1m^[22m[39m[31m[1m^[22m[39m[31m[1m^[22m[39m[31m[1m^[22m[39m[31m[1m^[22m[39m[31m[1m^[22m[39m[31m[1m^[22m[39m[31m[1m^[22m[39m[31m[1m^[22m[39m[31m[1m^[22m[39m[31m[1m^[22m[39m[31m[1m^[22m[39m[0m
[0m [90m 18 |[39m [36mimport[39m { useLanguage } [36mfrom[39m [32m"@/lib/language-context"[39m[0m
[0m [90m 19 |[39m [36mimport[39m { [33mTripUpdateIndicator[39m } [36mfrom[39m [32m"./trip-update-indicator"[39m[0m
[0m [90m 20 |[39m[0m

The export default was not found in module [project]/components/booking-modal.tsx [app-ssr] (ecmascript).
The module has no exports at all.
All exports of the module are statically known (It doesn't have dynamic exports). So it's known statically that the requested export doesn't exist.


 ○ Compiling /_error ...
 ✓ Compiled /_error in 617ms
 GET / 500 in 4416ms
 ⨯ ./components/booking-modal.tsx:507:6
Parsing ecmascript source code failed
[0m [90m 505 |[39m[0m
[0m [90m 506 |[39m   [36mreturn[39m ([0m
[0m[31m[1m>[22m[39m[90m 507 |[39m     [33m<[39m[33mdiv[39m[33m>[39m[0m
[0m [90m     |[39m      [31m[1m^[22m[39m[31m[1m^[22m[39m[31m[1m^[22m[39m[0m
[0m [90m 508 |[39m       {[90m/* Show booking form for all users when modal is open */[39m}[0m
[0m [90m 509 |[39m       {isOpen [33m&&[39m ([0m
[0m [90m 510 |[39m         [33m<[39m[33mDialog[39m open[33m=[39m{isOpen} onOpenChange[33m=[39m{handleClose}[33m>[39m[0m

Unexpected token `div`. Expected jsx identifier



./components/route-card.tsx:17:1
Export default doesn't exist in target module
[0m [90m 15 |[39m   getEstimatedArrivalTime[33m,[39m[0m
[0m [90m 16 |[39m } [36mfrom[39m [32m"@/lib/booking-utils"[39m[0m
[0m[31m[1m>[22m[39m[90m 17 |[39m [36mimport[39m [33mBookingModal[39m [36mfrom[39m [32m"./booking-modal"[39m[0m
[0m [90m    |[39m [31m[1m^[22m[39m[31m[1m^[22m[39m[31m[1m^[22m[39m[31m[1m^[22m[39m[31m[1m^[22m[39m[31m[1m^[22m[39m[31m[1m^[22m[39m[31m[1m^[22m[39m[31m[1m^[22m[39m[31m[1m^[22m[39m[31m[1m^[22m[39m[31m[1m^[22m[39m[31m[1m^[22m[39m[31m[1m^[22m[39m[31m[1m^[22m[39m[31m[1m^[22m[39m[31m[1m^[22m[39m[31m[1m^[22m[39m[31m[1m^[22m[39m[31m[1m^[22m[39m[31m[1m^[22m[39m[31m[1m^[22m[39m[31m[1m^[22m[39m[31m[1m^[22m[39m[31m[1m^[22m[39m[31m[1m^[22m[39m[31m[1m^[22m[39m[31m[1m^[22m[39m[31m[1m^[22m[39m[31m[1m^[22m[39m[31m[1m^[22m[39m[31m[1m^[22m[39m[31m[1m^[22m[39m[31m[1m^[22m[39m[31m[1m^[22m[39m[31m[1m^[22m[39m[31m[1m^[22m[39m[31m[1m^[22m[39m[31m[1m^[22m[39m[31m[1m^[22m[39m[31m[1m^[22m[39m[31m[1m^[22m[39m[0m
[0m [90m 18 |[39m [36mimport[39m { useLanguage } [36mfrom[39m [32m"@/lib/language-context"[39m[0m
[0m [90m 19 |[39m [36mimport[39m { [33mTripUpdateIndicator[39m } [36mfrom[39m [32m"./trip-update-indicator"[39m[0m
[0m [90m 20 |[39m[0m

The export default was not found in module [project]/components/booking-modal.tsx [app-client] (ecmascript).
The module has no exports at all.
All exports of the module are statically known (It doesn't have dynamic exports). So it's known statically that the requested export doesn't exist.



./components/route-card.tsx:17:1
Export default doesn't exist in target module
[0m [90m 15 |[39m   getEstimatedArrivalTime[33m,[39m[0m
[0m [90m 16 |[39m } [36mfrom[39m [32m"@/lib/booking-utils"[39m[0m
[0m[31m[1m>[22m[39m[90m 17 |[39m [36mimport[39m [33mBookingModal[39m [36mfrom[39m [32m"./booking-modal"[39m[0m
[0m [90m    |[39m [31m[1m^[22m[39m[31m[1m^[22m[39m[31m[1m^[22m[39m[31m[1m^[22m[39m[31m[1m^[22m[39m[31m[1m^[22m[39m[31m[1m^[22m[39m[31m[1m^[22m[39m[31m[1m^[22m[39m[31m[1m^[22m[39m[31m[1m^[22m[39m[31m[1m^[22m[39m[31m[1m^[22m[39m[31m[1m^[22m[39m[31m[1m^[22m[39m[31m[1m^[22m[39m[31m[1m^[22m[39m[31m[1m^[22m[39m[31m[1m^[22m[39m[31m[1m^[22m[39m[31m[1m^[22m[39m[31m[1m^[22m[39m[31m[1m^[22m[39m[31m[1m^[22m[39m[31m[1m^[22m[39m[31m[1m^[22m[39m[31m[1m^[22m[39m[31m[1m^[22m[39m[31m[1m^[22m[39m[31m[1m^[22m[39m[31m[1m^[22m[39m[31m[1m^[22m[39m[31m[1m^[22m[39m[31m[1m^[22m[39m[31m[1m^[22m[39m[31m[1m^[22m[39m[31m[1m^[22m[39m[31m[1m^[22m[39m[31m[1m^[22m[39m[31m[1m^[22m[39m[31m[1m^[22m[39m[31m[1m^[22m[39m[0m
[0m [90m 18 |[39m [36mimport[39m { useLanguage } [36mfrom[39m [32m"@/lib/language-context"[39m[0m
[0m [90m 19 |[39m [36mimport[39m { [33mTripUpdateIndicator[39m } [36mfrom[39m [32m"./trip-update-indicator"[39m[0m
[0m [90m 20 |[39m[0m

The export default was not found in module [project]/components/booking-modal.tsx [app-ssr] (ecmascript).
The module has no exports at all.
All exports of the module are statically known (It doesn't have dynamic exports). So it's known statically that the requested export doesn't exist.


 GET / 500 in 44ms
[0;36m[INFO][0m Detected pnpm (pnpm-lock.yaml found)
[0;36m[INFO][0m Using package manager: pnpm
[0;36m[INFO][0m No arguments provided, running 'dev' script...
[0;36m[INFO][0m Running script: dev
[0;36m[INFO][0m Executing: pnpm run dev

> cavgofront@0.1.0 dev /Users/pro/projects/frontend/cavgo-passengers
> next dev --turbopack

   ▲ Next.js 15.3.4 (Turbopack)
   - Local:        http://localhost:3000
   - Network:      http://192.168.0.4:3000

 ✓ Starting...
 ✓ Ready in 721ms
 ○ Compiling / ...
 ✓ Compiled / in 2.7s
 ⨯ ./components/booking-modal.tsx:507:6
Parsing ecmascript source code failed
[0m [90m 505 |[39m[0m
[0m [90m 506 |[39m   [36mreturn[39m ([0m
[0m[31m[1m>[22m[39m[90m 507 |[39m     [33m<[39m[33mdiv[39m[33m>[39m[0m
[0m [90m     |[39m      [31m[1m^[22m[39m[31m[1m^[22m[39m[31m[1m^[22m[39m[0m
[0m [90m 508 |[39m       {[90m/* Show booking form for all users when modal is open */[39m}[0m
[0m [90m 509 |[39m       {isOpen [33m&&[39m ([0m
[0m [90m 510 |[39m         [33m<[39m[33mDialog[39m open[33m=[39m{isOpen} onOpenChange[33m=[39m{handleClose}[33m>[39m[0m

Unexpected token `div`. Expected jsx identifier



./components/route-card.tsx:17:1
Export default doesn't exist in target module
[0m [90m 15 |[39m   getEstimatedArrivalTime[33m,[39m[0m
[0m [90m 16 |[39m } [36mfrom[39m [32m"@/lib/booking-utils"[39m[0m
[0m[31m[1m>[22m[39m[90m 17 |[39m [36mimport[39m [33mBookingModal[39m [36mfrom[39m [32m"./booking-modal"[39m[0m
[0m [90m    |[39m [31m[1m^[22m[39m[31m[1m^[22m[39m[31m[1m^[22m[39m[31m[1m^[22m[39m[31m[1m^[22m[39m[31m[1m^[22m[39m[31m[1m^[22m[39m[31m[1m^[22m[39m[31m[1m^[22m[39m[31m[1m^[22m[39m[31m[1m^[22m[39m[31m[1m^[22m[39m[31m[1m^[22m[39m[31m[1m^[22m[39m[31m[1m^[22m[39m[31m[1m^[22m[39m[31m[1m^[22m[39m[31m[1m^[22m[39m[31m[1m^[22m[39m[31m[1m^[22m[39m[31m[1m^[22m[39m[31m[1m^[22m[39m[31m[1m^[22m[39m[31m[1m^[22m[39m[31m[1m^[22m[39m[31m[1m^[22m[39m[31m[1m^[22m[39m[31m[1m^[22m[39m[31m[1m^[22m[39m[31m[1m^[22m[39m[31m[1m^[22m[39m[31m[1m^[22m[39m[31m[1m^[22m[39m[31m[1m^[22m[39m[31m[1m^[22m[39m[31m[1m^[22m[39m[31m[1m^[22m[39m[31m[1m^[22m[39m[31m[1m^[22m[39m[31m[1m^[22m[39m[31m[1m^[22m[39m[31m[1m^[22m[39m[0m
[0m [90m 18 |[39m [36mimport[39m { useLanguage } [36mfrom[39m [32m"@/lib/language-context"[39m[0m
[0m [90m 19 |[39m [36mimport[39m { [33mTripUpdateIndicator[39m } [36mfrom[39m [32m"./trip-update-indicator"[39m[0m
[0m [90m 20 |[39m[0m

The export default was not found in module [project]/components/booking-modal.tsx [app-client] (ecmascript).
The module has no exports at all.
All exports of the module are statically known (It doesn't have dynamic exports). So it's known statically that the requested export doesn't exist.



./components/route-card.tsx:17:1
Export default doesn't exist in target module
[0m [90m 15 |[39m   getEstimatedArrivalTime[33m,[39m[0m
[0m [90m 16 |[39m } [36mfrom[39m [32m"@/lib/booking-utils"[39m[0m
[0m[31m[1m>[22m[39m[90m 17 |[39m [36mimport[39m [33mBookingModal[39m [36mfrom[39m [32m"./booking-modal"[39m[0m
[0m [90m    |[39m [31m[1m^[22m[39m[31m[1m^[22m[39m[31m[1m^[22m[39m[31m[1m^[22m[39m[31m[1m^[22m[39m[31m[1m^[22m[39m[31m[1m^[22m[39m[31m[1m^[22m[39m[31m[1m^[22m[39m[31m[1m^[22m[39m[31m[1m^[22m[39m[31m[1m^[22m[39m[31m[1m^[22m[39m[31m[1m^[22m[39m[31m[1m^[22m[39m[31m[1m^[22m[39m[31m[1m^[22m[39m[31m[1m^[22m[39m[31m[1m^[22m[39m[31m[1m^[22m[39m[31m[1m^[22m[39m[31m[1m^[22m[39m[31m[1m^[22m[39m[31m[1m^[22m[39m[31m[1m^[22m[39m[31m[1m^[22m[39m[31m[1m^[22m[39m[31m[1m^[22m[39m[31m[1m^[22m[39m[31m[1m^[22m[39m[31m[1m^[22m[39m[31m[1m^[22m[39m[31m[1m^[22m[39m[31m[1m^[22m[39m[31m[1m^[22m[39m[31m[1m^[22m[39m[31m[1m^[22m[39m[31m[1m^[22m[39m[31m[1m^[22m[39m[31m[1m^[22m[39m[31m[1m^[22m[39m[31m[1m^[22m[39m[0m
[0m [90m 18 |[39m [36mimport[39m { useLanguage } [36mfrom[39m [32m"@/lib/language-context"[39m[0m
[0m [90m 19 |[39m [36mimport[39m { [33mTripUpdateIndicator[39m } [36mfrom[39m [32m"./trip-update-indicator"[39m[0m
[0m [90m 20 |[39m[0m

The export default was not found in module [project]/components/booking-modal.tsx [app-ssr] (ecmascript).
The module has no exports at all.
All exports of the module are statically known (It doesn't have dynamic exports). So it's known statically that the requested export doesn't exist.


 ✓ Compiled /_error in 476ms
 GET / 500 in 3246ms
[0;36m[INFO][0m Detected pnpm (pnpm-lock.yaml found)
[0;36m[INFO][0m Using package manager: pnpm
[0;36m[INFO][0m Running script: build
[0;36m[INFO][0m Executing: pnpm run build

> cavgofront@0.1.0 build /Users/pro/projects/frontend/cavgo-passengers
> next build

   ▲ Next.js 15.3.4

   Creating an optimized production build ...
Failed to compile.

./components/booking-modal.tsx
Error:   [31mx[0m Unexpected token `div`. Expected jsx identifier
     ,-[[36;1;4m/Users/pro/projects/frontend/cavgo-passengers/components/booking-modal.tsx[0m:507:1]
 [2m504[0m |   }
 [2m505[0m | 
 [2m506[0m |   return (
 [2m507[0m |     <div>
     : [35;1m     ^^^[0m
 [2m508[0m |       {/* Show booking form for all users when modal is open */}
 [2m509[0m |       {isOpen && (
 [2m510[0m |         <Dialog open={isOpen} onOpenChange={handleClose}>
     `----

Caused by:
    Syntax Error

Import trace for requested module:
./components/booking-modal.tsx
./components/route-card.tsx
./app/page.tsx


> Build failed because of webpack errors
 ELIFECYCLE  Command failed with exit code 1.
[0;36m[INFO][0m Detected pnpm (pnpm-lock.yaml found)
[0;36m[INFO][0m Using package manager: pnpm
[0;36m[INFO][0m No arguments provided, running 'dev' script...
[0;36m[INFO][0m Running script: dev
[0;36m[INFO][0m Executing: pnpm run dev

> cavgofront@0.1.0 dev /Users/pro/projects/frontend/cavgo-passengers
> next dev --turbopack

 ⚠ Port 3000 is in use, using available port 3001 instead.
   ▲ Next.js 15.3.4 (Turbopack)
   - Local:        http://localhost:3001
   - Network:      http://192.168.0.4:3001

 ✓ Starting...
 ✓ Ready in 830ms
 ○ Compiling / ...
 ✓ Compiled / in 2.7s
 ⨯ ./components/booking-modal.tsx:509:6
Parsing ecmascript source code failed
[0m [90m 507 |[39m[0m
[0m [90m 508 |[39m   [36mreturn[39m ([0m
[0m[31m[1m>[22m[39m[90m 509 |[39m     [33m<[39m[33mDialog[39m open[33m=[39m{isOpen} onOpenChange[33m=[39m{handleClose}[33m>[39m[0m
[0m [90m     |[39m      [31m[1m^[22m[39m[31m[1m^[22m[39m[31m[1m^[22m[39m[31m[1m^[22m[39m[31m[1m^[22m[39m[31m[1m^[22m[39m[0m
[0m [90m 510 |[39m           [33m<[39m[33mDialogContent[39m className[33m=[39m[32m"w-full max-w-md sm:max-w-lg px-4 py-4 rounded-lg max-h-[90vh] overflow-y-auto"[39m[33m>[39m[0m
[0m [90m 511 |[39m             [33m<[39m[33mDialogHeader[39m[33m>[39m[0m
[0m [90m 512 |[39m               [33m<[39m[33mDialogTitle[39m[33m>[39m{t([32m"bookYourJourney"[39m)}[33m<[39m[33m/[39m[33mDialogTitle[39m[33m>[39m[0m

Unexpected token `Dialog`. Expected jsx identifier



./components/route-card.tsx:17:1
Export default doesn't exist in target module
[0m [90m 15 |[39m   getEstimatedArrivalTime[33m,[39m[0m
[0m [90m 16 |[39m } [36mfrom[39m [32m"@/lib/booking-utils"[39m[0m
[0m[31m[1m>[22m[39m[90m 17 |[39m [36mimport[39m [33mBookingModal[39m [36mfrom[39m [32m"./booking-modal"[39m[0m
[0m [90m    |[39m [31m[1m^[22m[39m[31m[1m^[22m[39m[31m[1m^[22m[39m[31m[1m^[22m[39m[31m[1m^[22m[39m[31m[1m^[22m[39m[31m[1m^[22m[39m[31m[1m^[22m[39m[31m[1m^[22m[39m[31m[1m^[22m[39m[31m[1m^[22m[39m[31m[1m^[22m[39m[31m[1m^[22m[39m[31m[1m^[22m[39m[31m[1m^[22m[39m[31m[1m^[22m[39m[31m[1m^[22m[39m[31m[1m^[22m[39m[31m[1m^[22m[39m[31m[1m^[22m[39m[31m[1m^[22m[39m[31m[1m^[22m[39m[31m[1m^[22m[39m[31m[1m^[22m[39m[31m[1m^[22m[39m[31m[1m^[22m[39m[31m[1m^[22m[39m[31m[1m^[22m[39m[31m[1m^[22m[39m[31m[1m^[22m[39m[31m[1m^[22m[39m[31m[1m^[22m[39m[31m[1m^[22m[39m[31m[1m^[22m[39m[31m[1m^[22m[39m[31m[1m^[22m[39m[31m[1m^[22m[39m[31m[1m^[22m[39m[31m[1m^[22m[39m[31m[1m^[22m[39m[31m[1m^[22m[39m[31m[1m^[22m[39m[0m
[0m [90m 18 |[39m [36mimport[39m { useLanguage } [36mfrom[39m [32m"@/lib/language-context"[39m[0m
[0m [90m 19 |[39m [36mimport[39m { [33mTripUpdateIndicator[39m } [36mfrom[39m [32m"./trip-update-indicator"[39m[0m
[0m [90m 20 |[39m[0m

The export default was not found in module [project]/components/booking-modal.tsx [app-client] (ecmascript).
The module has no exports at all.
All exports of the module are statically known (It doesn't have dynamic exports). So it's known statically that the requested export doesn't exist.



./components/route-card.tsx:17:1
Export default doesn't exist in target module
[0m [90m 15 |[39m   getEstimatedArrivalTime[33m,[39m[0m
[0m [90m 16 |[39m } [36mfrom[39m [32m"@/lib/booking-utils"[39m[0m
[0m[31m[1m>[22m[39m[90m 17 |[39m [36mimport[39m [33mBookingModal[39m [36mfrom[39m [32m"./booking-modal"[39m[0m
[0m [90m    |[39m [31m[1m^[22m[39m[31m[1m^[22m[39m[31m[1m^[22m[39m[31m[1m^[22m[39m[31m[1m^[22m[39m[31m[1m^[22m[39m[31m[1m^[22m[39m[31m[1m^[22m[39m[31m[1m^[22m[39m[31m[1m^[22m[39m[31m[1m^[22m[39m[31m[1m^[22m[39m[31m[1m^[22m[39m[31m[1m^[22m[39m[31m[1m^[22m[39m[31m[1m^[22m[39m[31m[1m^[22m[39m[31m[1m^[22m[39m[31m[1m^[22m[39m[31m[1m^[22m[39m[31m[1m^[22m[39m[31m[1m^[22m[39m[31m[1m^[22m[39m[31m[1m^[22m[39m[31m[1m^[22m[39m[31m[1m^[22m[39m[31m[1m^[22m[39m[31m[1m^[22m[39m[31m[1m^[22m[39m[31m[1m^[22m[39m[31m[1m^[22m[39m[31m[1m^[22m[39m[31m[1m^[22m[39m[31m[1m^[22m[39m[31m[1m^[22m[39m[31m[1m^[22m[39m[31m[1m^[22m[39m[31m[1m^[22m[39m[31m[1m^[22m[39m[31m[1m^[22m[39m[31m[1m^[22m[39m[31m[1m^[22m[39m[0m
[0m [90m 18 |[39m [36mimport[39m { useLanguage } [36mfrom[39m [32m"@/lib/language-context"[39m[0m
[0m [90m 19 |[39m [36mimport[39m { [33mTripUpdateIndicator[39m } [36mfrom[39m [32m"./trip-update-indicator"[39m[0m
[0m [90m 20 |[39m[0m

The export default was not found in module [project]/components/booking-modal.tsx [app-ssr] (ecmascript).
The module has no exports at all.
All exports of the module are statically known (It doesn't have dynamic exports). So it's known statically that the requested export doesn't exist.


 ○ Compiling /_error ...
 ✓ Compiled /_error in 523ms
 GET / 500 in 3383ms
 ✓ Compiled in 390ms
 ✓ Compiled / in 61ms
 ⨯ [Error: ENOENT: no such file or directory, open '/Users/pro/projects/frontend/cavgo-passengers/.next/server/app/page/build-manifest.json'] {
  errno: -2,
  code: 'ENOENT',
  syscall: 'open',
  path: '/Users/pro/projects/frontend/cavgo-passengers/.next/server/app/page/build-manifest.json'
}
 ⨯ [Error: ENOENT: no such file or directory, open '/Users/pro/projects/frontend/cavgo-passengers/.next/server/pages/_app/build-manifest.json'] {
  errno: -2,
  code: 'ENOENT',
  syscall: 'open',
  path: '/Users/pro/projects/frontend/cavgo-passengers/.next/server/pages/_app/build-manifest.json'
}
[Error: ENOENT: no such file or directory, open '/Users/pro/projects/frontend/cavgo-passengers/.next/server/app/page/build-manifest.json'] {
  errno: -2,
  code: 'ENOENT',
  syscall: 'open',
  path: '/Users/pro/projects/frontend/cavgo-passengers/.next/server/app/page/build-manifest.json'
}
 ⨯ [Error: ENOENT: no such file or directory, open '/Users/pro/projects/frontend/cavgo-passengers/.next/server/pages/_app/build-manifest.json'] {
  errno: -2,
  code: 'ENOENT',
  syscall: 'open',
  path: '/Users/pro/projects/frontend/cavgo-passengers/.next/server/pages/_app/build-manifest.json'
}
[Error: ENOENT: no such file or directory, open '/Users/pro/projects/frontend/cavgo-passengers/.next/server/pages/_app/build-manifest.json'] {
  errno: -2,
  code: 'ENOENT',
  syscall: 'open',
  path: '/Users/pro/projects/frontend/cavgo-passengers/.next/server/pages/_app/build-manifest.json'
}
 ⨯ [Error: ENOENT: no such file or directory, open '/Users/pro/projects/frontend/cavgo-passengers/.next/server/app/page/app-build-manifest.json'] {
  errno: -2,
  code: 'ENOENT',
  syscall: 'open',
  path: '/Users/pro/projects/frontend/cavgo-passengers/.next/server/app/page/app-build-manifest.json'
}
 ⨯ [Error: ENOENT: no such file or directory, open '/Users/pro/projects/frontend/cavgo-passengers/.next/server/pages/_app/build-manifest.json'] {
  errno: -2,
  code: 'ENOENT',
  syscall: 'open',
  path: '/Users/pro/projects/frontend/cavgo-passengers/.next/server/pages/_app/build-manifest.json'
}
[Error: ENOENT: no such file or directory, open '/Users/pro/projects/frontend/cavgo-passengers/.next/server/app/page/app-build-manifest.json'] {
  errno: -2,
  code: 'ENOENT',
  syscall: 'open',
  path: '/Users/pro/projects/frontend/cavgo-passengers/.next/server/app/page/app-build-manifest.json'
}
 ⨯ [Error: ENOENT: no such file or directory, open '/Users/pro/projects/frontend/cavgo-passengers/.next/server/pages/_app/build-manifest.json'] {
  errno: -2,
  code: 'ENOENT',
  syscall: 'open',
  path: '/Users/pro/projects/frontend/cavgo-passengers/.next/server/pages/_app/build-manifest.json'
}
[Error: ENOENT: no such file or directory, open '/Users/pro/projects/frontend/cavgo-passengers/.next/server/pages/_app/build-manifest.json'] {
  errno: -2,
  code: 'ENOENT',
  syscall: 'open',
  path: '/Users/pro/projects/frontend/cavgo-passengers/.next/server/pages/_app/build-manifest.json'
}
[0;36m[INFO][0m Detected pnpm (pnpm-lock.yaml found)
[0;36m[INFO][0m Using package manager: pnpm
[0;36m[INFO][0m No arguments provided, running 'dev' script...
[0;36m[INFO][0m Running script: dev
[0;36m[INFO][0m Executing: pnpm run dev

> cavgofront@0.1.0 dev /Users/pro/projects/frontend/cavgo-passengers
> next dev --turbopack

 ⚠ Port 3000 is in use, using available port 3001 instead.
   ▲ Next.js 15.3.4 (Turbopack)
   - Local:        http://localhost:3001
   - Network:      http://192.168.0.4:3001

 ✓ Starting...
 ✓ Ready in 884ms
 ○ Compiling / ...
 ✓ Compiled / in 2.5s
 GET / 200 in 2862ms
